2025-02-09 22:59:30,989 [Worker-5: Loading available Gradle versions] INFO  o.e.b.c.i.u.g.PublishedGradleVersions - Gradle version information cache is out-of-date. Trying to update.
2025-02-09 23:02:12,310 [Worker-24: Launching mavenrun-64603057-7c57-4677-9bc9-fafba938852e] INFO  o.eclipse.m2e.core.internal.Bundles - getClasspathEntries(Bundle=org.eclipse.m2e.maven.runtime_3.9.900.20240824-1409 [356])
2025-02-09 23:02:12,314 [Worker-24: Launching mavenrun-64603057-7c57-4677-9bc9-fafba938852e] INFO  o.eclipse.m2e.core.internal.Bundles - 	Entry: C:\Users\Suryansh Verma\.p2\pool\plugins\org.eclipse.m2e.maven.runtime_3.9.900.20240824-1409
2025-02-09 23:02:12,315 [Worker-24: Launching mavenrun-64603057-7c57-4677-9bc9-fafba938852e] INFO  o.eclipse.m2e.core.internal.Bundles - 	Entry: C:\Users\Suryansh Verma\.p2\pool\plugins\org.eclipse.m2e.maven.runtime_3.9.900.20240824-1409\jars\aopalliance-1.0.jar
2025-02-09 23:02:12,315 [Worker-24: Launching mavenrun-64603057-7c57-4677-9bc9-fafba938852e] INFO  o.eclipse.m2e.core.internal.Bundles - 	Entry: C:\Users\Suryansh Verma\.p2\pool\plugins\org.eclipse.m2e.maven.runtime_3.9.900.20240824-1409\jars\guice-5.1.0.jar
2025-02-09 23:02:12,315 [Worker-24: Launching mavenrun-64603057-7c57-4677-9bc9-fafba938852e] INFO  o.eclipse.m2e.core.internal.Bundles - 	Entry: C:\Users\Suryansh Verma\.p2\pool\plugins\org.eclipse.m2e.maven.runtime_3.9.900.20240824-1409\jars\httpclient-4.5.14.jar
2025-02-09 23:02:12,316 [Worker-24: Launching mavenrun-64603057-7c57-4677-9bc9-fafba938852e] INFO  o.eclipse.m2e.core.internal.Bundles - 	Entry: C:\Users\Suryansh Verma\.p2\pool\plugins\org.eclipse.m2e.maven.runtime_3.9.900.20240824-1409\jars\httpcore-4.4.16.jar
2025-02-09 23:02:12,316 [Worker-24: Launching mavenrun-64603057-7c57-4677-9bc9-fafba938852e] INFO  o.eclipse.m2e.core.internal.Bundles - 	Entry: C:\Users\Suryansh Verma\.p2\pool\plugins\org.eclipse.m2e.maven.runtime_3.9.900.20240824-1409\jars\jansi-2.4.1.jar
2025-02-09 23:02:12,316 [Worker-24: Launching mavenrun-64603057-7c57-4677-9bc9-fafba938852e] INFO  o.eclipse.m2e.core.internal.Bundles - 	Entry: C:\Users\Suryansh Verma\.p2\pool\plugins\org.eclipse.m2e.maven.runtime_3.9.900.20240824-1409\jars\jcl-over-slf4j-1.7.36.jar
2025-02-09 23:02:12,316 [Worker-24: Launching mavenrun-64603057-7c57-4677-9bc9-fafba938852e] INFO  o.eclipse.m2e.core.internal.Bundles - 	Entry: C:\Users\Suryansh Verma\.p2\pool\plugins\org.eclipse.m2e.maven.runtime_3.9.900.20240824-1409\jars\maven-artifact-3.9.9.jar
2025-02-09 23:02:12,316 [Worker-24: Launching mavenrun-64603057-7c57-4677-9bc9-fafba938852e] INFO  o.eclipse.m2e.core.internal.Bundles - 	Entry: C:\Users\Suryansh Verma\.p2\pool\plugins\org.eclipse.m2e.maven.runtime_3.9.900.20240824-1409\jars\maven-builder-support-3.9.9.jar
2025-02-09 23:02:12,316 [Worker-24: Launching mavenrun-64603057-7c57-4677-9bc9-fafba938852e] INFO  o.eclipse.m2e.core.internal.Bundles - 	Entry: C:\Users\Suryansh Verma\.p2\pool\plugins\org.eclipse.m2e.maven.runtime_3.9.900.20240824-1409\jars\maven-compat-3.9.9.jar
2025-02-09 23:02:12,317 [Worker-24: Launching mavenrun-64603057-7c57-4677-9bc9-fafba938852e] INFO  o.eclipse.m2e.core.internal.Bundles - 	Entry: C:\Users\Suryansh Verma\.p2\pool\plugins\org.eclipse.m2e.maven.runtime_3.9.900.20240824-1409\jars\maven-core-3.9.9.jar
2025-02-09 23:02:12,317 [Worker-24: Launching mavenrun-64603057-7c57-4677-9bc9-fafba938852e] INFO  o.eclipse.m2e.core.internal.Bundles - 	Entry: C:\Users\Suryansh Verma\.p2\pool\plugins\org.eclipse.m2e.maven.runtime_3.9.900.20240824-1409\jars\maven-embedder-3.9.9.jar
2025-02-09 23:02:12,317 [Worker-24: Launching mavenrun-64603057-7c57-4677-9bc9-fafba938852e] INFO  o.eclipse.m2e.core.internal.Bundles - 	Entry: C:\Users\Suryansh Verma\.p2\pool\plugins\org.eclipse.m2e.maven.runtime_3.9.900.20240824-1409\jars\maven-model-3.9.9.jar
2025-02-09 23:02:12,317 [Worker-24: Launching mavenrun-64603057-7c57-4677-9bc9-fafba938852e] INFO  o.eclipse.m2e.core.internal.Bundles - 	Entry: C:\Users\Suryansh Verma\.p2\pool\plugins\org.eclipse.m2e.maven.runtime_3.9.900.20240824-1409\jars\maven-model-builder-3.9.9.jar
2025-02-09 23:02:12,318 [Worker-24: Launching mavenrun-64603057-7c57-4677-9bc9-fafba938852e] INFO  o.eclipse.m2e.core.internal.Bundles - 	Entry: C:\Users\Suryansh Verma\.p2\pool\plugins\org.eclipse.m2e.maven.runtime_3.9.900.20240824-1409\jars\maven-plugin-api-3.9.9.jar
2025-02-09 23:02:12,318 [Worker-24: Launching mavenrun-64603057-7c57-4677-9bc9-fafba938852e] INFO  o.eclipse.m2e.core.internal.Bundles - 	Entry: C:\Users\Suryansh Verma\.p2\pool\plugins\org.eclipse.m2e.maven.runtime_3.9.900.20240824-1409\jars\maven-repository-metadata-3.9.9.jar
2025-02-09 23:02:12,318 [Worker-24: Launching mavenrun-64603057-7c57-4677-9bc9-fafba938852e] INFO  o.eclipse.m2e.core.internal.Bundles - 	Entry: C:\Users\Suryansh Verma\.p2\pool\plugins\org.eclipse.m2e.maven.runtime_3.9.900.20240824-1409\jars\maven-resolver-api-1.9.22.jar
2025-02-09 23:02:12,318 [Worker-24: Launching mavenrun-64603057-7c57-4677-9bc9-fafba938852e] INFO  o.eclipse.m2e.core.internal.Bundles - 	Entry: C:\Users\Suryansh Verma\.p2\pool\plugins\org.eclipse.m2e.maven.runtime_3.9.900.20240824-1409\jars\maven-resolver-connector-basic-1.9.22.jar
2025-02-09 23:02:12,318 [Worker-24: Launching mavenrun-64603057-7c57-4677-9bc9-fafba938852e] INFO  o.eclipse.m2e.core.internal.Bundles - 	Entry: C:\Users\Suryansh Verma\.p2\pool\plugins\org.eclipse.m2e.maven.runtime_3.9.900.20240824-1409\jars\maven-resolver-impl-1.9.22.jar
2025-02-09 23:02:12,319 [Worker-24: Launching mavenrun-64603057-7c57-4677-9bc9-fafba938852e] INFO  o.eclipse.m2e.core.internal.Bundles - 	Entry: C:\Users\Suryansh Verma\.p2\pool\plugins\org.eclipse.m2e.maven.runtime_3.9.900.20240824-1409\jars\maven-resolver-named-locks-1.9.22.jar
2025-02-09 23:02:12,319 [Worker-24: Launching mavenrun-64603057-7c57-4677-9bc9-fafba938852e] INFO  o.eclipse.m2e.core.internal.Bundles - 	Entry: C:\Users\Suryansh Verma\.p2\pool\plugins\org.eclipse.m2e.maven.runtime_3.9.900.20240824-1409\jars\maven-resolver-provider-3.9.9.jar
2025-02-09 23:02:12,319 [Worker-24: Launching mavenrun-64603057-7c57-4677-9bc9-fafba938852e] INFO  o.eclipse.m2e.core.internal.Bundles - 	Entry: C:\Users\Suryansh Verma\.p2\pool\plugins\org.eclipse.m2e.maven.runtime_3.9.900.20240824-1409\jars\maven-resolver-spi-1.9.22.jar
2025-02-09 23:02:12,319 [Worker-24: Launching mavenrun-64603057-7c57-4677-9bc9-fafba938852e] INFO  o.eclipse.m2e.core.internal.Bundles - 	Entry: C:\Users\Suryansh Verma\.p2\pool\plugins\org.eclipse.m2e.maven.runtime_3.9.900.20240824-1409\jars\maven-resolver-transport-file-1.9.22.jar
2025-02-09 23:02:12,319 [Worker-24: Launching mavenrun-64603057-7c57-4677-9bc9-fafba938852e] INFO  o.eclipse.m2e.core.internal.Bundles - 	Entry: C:\Users\Suryansh Verma\.p2\pool\plugins\org.eclipse.m2e.maven.runtime_3.9.900.20240824-1409\jars\maven-resolver-transport-http-1.9.22.jar
2025-02-09 23:02:12,320 [Worker-24: Launching mavenrun-64603057-7c57-4677-9bc9-fafba938852e] INFO  o.eclipse.m2e.core.internal.Bundles - 	Entry: C:\Users\Suryansh Verma\.p2\pool\plugins\org.eclipse.m2e.maven.runtime_3.9.900.20240824-1409\jars\maven-resolver-transport-wagon-1.9.22.jar
2025-02-09 23:02:12,320 [Worker-24: Launching mavenrun-64603057-7c57-4677-9bc9-fafba938852e] INFO  o.eclipse.m2e.core.internal.Bundles - 	Entry: C:\Users\Suryansh Verma\.p2\pool\plugins\org.eclipse.m2e.maven.runtime_3.9.900.20240824-1409\jars\maven-resolver-util-1.9.22.jar
2025-02-09 23:02:12,320 [Worker-24: Launching mavenrun-64603057-7c57-4677-9bc9-fafba938852e] INFO  o.eclipse.m2e.core.internal.Bundles - 	Entry: C:\Users\Suryansh Verma\.p2\pool\plugins\org.eclipse.m2e.maven.runtime_3.9.900.20240824-1409\jars\maven-settings-3.9.9.jar
2025-02-09 23:02:12,320 [Worker-24: Launching mavenrun-64603057-7c57-4677-9bc9-fafba938852e] INFO  o.eclipse.m2e.core.internal.Bundles - 	Entry: C:\Users\Suryansh Verma\.p2\pool\plugins\org.eclipse.m2e.maven.runtime_3.9.900.20240824-1409\jars\maven-settings-builder-3.9.9.jar
2025-02-09 23:02:12,321 [Worker-24: Launching mavenrun-64603057-7c57-4677-9bc9-fafba938852e] INFO  o.eclipse.m2e.core.internal.Bundles - 	Entry: C:\Users\Suryansh Verma\.p2\pool\plugins\org.eclipse.m2e.maven.runtime_3.9.900.20240824-1409\jars\maven-shared-utils-3.4.2.jar
2025-02-09 23:02:12,321 [Worker-24: Launching mavenrun-64603057-7c57-4677-9bc9-fafba938852e] INFO  o.eclipse.m2e.core.internal.Bundles - 	Entry: C:\Users\Suryansh Verma\.p2\pool\plugins\org.eclipse.m2e.maven.runtime_3.9.900.20240824-1409\jars\org.eclipse.sisu.inject-0.9.0.M3.jar
2025-02-09 23:02:12,321 [Worker-24: Launching mavenrun-64603057-7c57-4677-9bc9-fafba938852e] INFO  o.eclipse.m2e.core.internal.Bundles - 	Entry: C:\Users\Suryansh Verma\.p2\pool\plugins\org.eclipse.m2e.maven.runtime_3.9.900.20240824-1409\jars\org.eclipse.sisu.plexus-0.9.0.M3.jar
2025-02-09 23:02:12,321 [Worker-24: Launching mavenrun-64603057-7c57-4677-9bc9-fafba938852e] INFO  o.eclipse.m2e.core.internal.Bundles - 	Entry: C:\Users\Suryansh Verma\.p2\pool\plugins\org.eclipse.m2e.maven.runtime_3.9.900.20240824-1409\jars\plexus-build-api-0.0.7.jar
2025-02-09 23:02:12,321 [Worker-24: Launching mavenrun-64603057-7c57-4677-9bc9-fafba938852e] INFO  o.eclipse.m2e.core.internal.Bundles - 	Entry: C:\Users\Suryansh Verma\.p2\pool\plugins\org.eclipse.m2e.maven.runtime_3.9.900.20240824-1409\jars\plexus-build-api-1.2.0.jar
2025-02-09 23:02:12,322 [Worker-24: Launching mavenrun-64603057-7c57-4677-9bc9-fafba938852e] INFO  o.eclipse.m2e.core.internal.Bundles - 	Entry: C:\Users\Suryansh Verma\.p2\pool\plugins\org.eclipse.m2e.maven.runtime_3.9.900.20240824-1409\jars\plexus-cipher-2.0.jar
2025-02-09 23:02:12,322 [Worker-24: Launching mavenrun-64603057-7c57-4677-9bc9-fafba938852e] INFO  o.eclipse.m2e.core.internal.Bundles - 	Entry: C:\Users\Suryansh Verma\.p2\pool\plugins\org.eclipse.m2e.maven.runtime_3.9.900.20240824-1409\jars\plexus-classworlds-2.8.0.jar
2025-02-09 23:02:12,322 [Worker-24: Launching mavenrun-64603057-7c57-4677-9bc9-fafba938852e] INFO  o.eclipse.m2e.core.internal.Bundles - 	Entry: C:\Users\Suryansh Verma\.p2\pool\plugins\org.eclipse.m2e.maven.runtime_3.9.900.20240824-1409\jars\plexus-component-annotations-2.1.0.jar
2025-02-09 23:02:12,322 [Worker-24: Launching mavenrun-64603057-7c57-4677-9bc9-fafba938852e] INFO  o.eclipse.m2e.core.internal.Bundles - 	Entry: C:\Users\Suryansh Verma\.p2\pool\plugins\org.eclipse.m2e.maven.runtime_3.9.900.20240824-1409\jars\plexus-interpolation-1.27.jar
2025-02-09 23:02:12,323 [Worker-24: Launching mavenrun-64603057-7c57-4677-9bc9-fafba938852e] INFO  o.eclipse.m2e.core.internal.Bundles - 	Entry: C:\Users\Suryansh Verma\.p2\pool\plugins\org.eclipse.m2e.maven.runtime_3.9.900.20240824-1409\jars\plexus-sec-dispatcher-2.0.jar
2025-02-09 23:02:12,323 [Worker-24: Launching mavenrun-64603057-7c57-4677-9bc9-fafba938852e] INFO  o.eclipse.m2e.core.internal.Bundles - 	Entry: C:\Users\Suryansh Verma\.p2\pool\plugins\org.eclipse.m2e.maven.runtime_3.9.900.20240824-1409\jars\plexus-utils-3.5.1.jar
2025-02-09 23:02:12,323 [Worker-24: Launching mavenrun-64603057-7c57-4677-9bc9-fafba938852e] INFO  o.eclipse.m2e.core.internal.Bundles - 	Entry: C:\Users\Suryansh Verma\.p2\pool\plugins\org.eclipse.m2e.maven.runtime_3.9.900.20240824-1409\jars\plexus-xml-3.0.1.jar
2025-02-09 23:02:12,323 [Worker-24: Launching mavenrun-64603057-7c57-4677-9bc9-fafba938852e] INFO  o.eclipse.m2e.core.internal.Bundles - 	Entry: C:\Users\Suryansh Verma\.p2\pool\plugins\org.eclipse.m2e.maven.runtime_3.9.900.20240824-1409\jars\wagon-file-3.5.3.jar
2025-02-09 23:02:12,323 [Worker-24: Launching mavenrun-64603057-7c57-4677-9bc9-fafba938852e] INFO  o.eclipse.m2e.core.internal.Bundles - 	Entry: C:\Users\Suryansh Verma\.p2\pool\plugins\org.eclipse.m2e.maven.runtime_3.9.900.20240824-1409\jars\wagon-http-3.5.3.jar
2025-02-09 23:02:12,323 [Worker-24: Launching mavenrun-64603057-7c57-4677-9bc9-fafba938852e] INFO  o.eclipse.m2e.core.internal.Bundles - 	Entry: C:\Users\Suryansh Verma\.p2\pool\plugins\org.eclipse.m2e.maven.runtime_3.9.900.20240824-1409\jars\wagon-http-shared-3.5.3.jar
2025-02-09 23:02:12,324 [Worker-24: Launching mavenrun-64603057-7c57-4677-9bc9-fafba938852e] INFO  o.eclipse.m2e.core.internal.Bundles - 	Entry: C:\Users\Suryansh Verma\.p2\pool\plugins\org.eclipse.m2e.maven.runtime_3.9.900.20240824-1409\jars\wagon-provider-api-3.5.3.jar
2025-02-09 23:02:12,326 [Worker-24: Launching mavenrun-64603057-7c57-4677-9bc9-fafba938852e] INFO  o.eclipse.m2e.core.internal.Bundles - getClasspathEntries(Bundle=com.google.guava_33.3.0.jre [16])
2025-02-09 23:02:12,327 [Worker-24: Launching mavenrun-64603057-7c57-4677-9bc9-fafba938852e] INFO  o.eclipse.m2e.core.internal.Bundles - 	Entry: C:\Users\Suryansh Verma\.p2\pool\plugins\com.google.guava_33.3.0.jre.jar
2025-02-09 23:02:12,327 [Worker-24: Launching mavenrun-64603057-7c57-4677-9bc9-fafba938852e] INFO  o.eclipse.m2e.core.internal.Bundles - getClasspathEntries(Bundle=slf4j.api_2.0.16 [638])
2025-02-09 23:02:12,328 [Worker-24: Launching mavenrun-64603057-7c57-4677-9bc9-fafba938852e] INFO  o.eclipse.m2e.core.internal.Bundles - 	Entry: C:\Users\Suryansh Verma\.p2\pool\plugins\slf4j.api_2.0.16.jar
2025-02-09 23:02:12,328 [Worker-24: Launching mavenrun-64603057-7c57-4677-9bc9-fafba938852e] INFO  o.eclipse.m2e.core.internal.Bundles - getClasspathEntries(Bundle=jakarta.inject.jakarta.inject-api_1.0.5 [30])
2025-02-09 23:02:12,329 [Worker-24: Launching mavenrun-64603057-7c57-4677-9bc9-fafba938852e] INFO  o.eclipse.m2e.core.internal.Bundles - 	Entry: C:\Users\Suryansh Verma\.p2\pool\plugins\jakarta.inject.jakarta.inject-api_1.0.5.jar
2025-02-09 23:02:12,329 [Worker-24: Launching mavenrun-64603057-7c57-4677-9bc9-fafba938852e] INFO  o.eclipse.m2e.core.internal.Bundles - getClasspathEntries(Bundle=jakarta.annotation-api_1.3.5 [28])
2025-02-09 23:02:12,330 [Worker-24: Launching mavenrun-64603057-7c57-4677-9bc9-fafba938852e] INFO  o.eclipse.m2e.core.internal.Bundles - 	Entry: C:\Users\Suryansh Verma\.p2\pool\plugins\jakarta.annotation-api_1.3.5.jar
2025-02-09 23:02:12,330 [Worker-24: Launching mavenrun-64603057-7c57-4677-9bc9-fafba938852e] INFO  o.eclipse.m2e.core.internal.Bundles - getClasspathEntries(Bundle=org.apache.commons.cli_1.9.0 [56])
2025-02-09 23:02:12,330 [Worker-24: Launching mavenrun-64603057-7c57-4677-9bc9-fafba938852e] INFO  o.eclipse.m2e.core.internal.Bundles - 	Entry: C:\Users\Suryansh Verma\.p2\pool\plugins\org.apache.commons.cli_1.9.0.jar
2025-02-09 23:02:12,330 [Worker-24: Launching mavenrun-64603057-7c57-4677-9bc9-fafba938852e] INFO  o.eclipse.m2e.core.internal.Bundles - getClasspathEntries(Bundle=org.apache.commons.commons-codec_1.16.0 [59])
2025-02-09 23:02:12,331 [Worker-24: Launching mavenrun-64603057-7c57-4677-9bc9-fafba938852e] INFO  o.eclipse.m2e.core.internal.Bundles - 	Entry: C:\Users\Suryansh Verma\.p2\pool\plugins\org.apache.commons.commons-codec_1.16.0.jar
2025-02-09 23:02:12,331 [Worker-24: Launching mavenrun-64603057-7c57-4677-9bc9-fafba938852e] INFO  o.eclipse.m2e.core.internal.Bundles - getClasspathEntries(Bundle=com.google.guava.failureaccess_1.0.2 [17])
2025-02-09 23:02:12,332 [Worker-24: Launching mavenrun-64603057-7c57-4677-9bc9-fafba938852e] INFO  o.eclipse.m2e.core.internal.Bundles - 	Entry: C:\Users\Suryansh Verma\.p2\pool\plugins\com.google.guava.failureaccess_1.0.2.jar
2025-02-09 23:02:12,340 [Worker-24: Launching mavenrun-64603057-7c57-4677-9bc9-fafba938852e] INFO  o.e.m.i.launch.MavenLaunchDelegate - Run build in "C:\Users\SURYAN~1\AppData\Local\Temp\m2e-archetypeGenerator1303248892527272906":
2025-02-09 23:02:12,347 [Worker-24: Launching mavenrun-64603057-7c57-4677-9bc9-fafba938852e] INFO  o.e.m.i.launch.MavenLaunchDelegate -  mvn  -DarchetypeGroupId=org.apache.maven.archetypes -DarchetypeArtifactId=maven-archetype-quickstart -DarchetypeVersion=1.1 -DgroupId=Demo -DartifactId=Demo -Dversion=0.0.1-SNAPSHOT -Dpackage=Demo.Demo -DoutputDirectory="C:\Users\Suryansh Verma\eclipse-workspace\playwright\playwright_demo" -Dstyle.color=always -U archetype:generate
2025-03-31 23:25:31,396 [Worker-7: Loading available Gradle versions] INFO  o.e.b.c.i.u.g.PublishedGradleVersions - Gradle version information cache is up-to-date. Trying to read.
2025-03-31 23:27:20,907 [Worker-7: Loading available Gradle versions] INFO  o.e.b.c.i.u.g.PublishedGradleVersions - Gradle version information cache is up-to-date. Trying to read.
